<?xml version="1.0" encoding="UTF-8"?>
<!-- Generated by org.testng.reporters.JUnitReportReporter -->
<testsuite hostname="XD-KUMARAR-CNT" failures="0" tests="1" name="Learn_REST_API.Retrieve_JsonArray_Elements" time="1.830" errors="0" timestamp="2024-08-26T13:15:27 IST" skipped="0">
  <testcase classname="Learn_REST_API.Retrieve_JsonArray_Elements" name="Retieve_Json" time="1.830"/>
  <system-out/>
</testsuite> <!-- Learn_REST_API.Retrieve_JsonArray_Elements -->
